{"/Users/xeuser/codebases/popular-buzz/popular-buzz/src/App.js": {"path":"/Users/xeuser/codebases/popular-buzz/popular-buzz/src/App.js","statementMap":{"0":{"start":{"line":5,"column":2},"end":{"line":11,"column":4}}},"fnMap":{"0":{"name":"App","decl":{"start":{"line":4,"column":9},"end":{"line":4,"column":12}},"loc":{"start":{"line":4,"column":15},"end":{"line":12,"column":1}},"line":4}},"branchMap":{},"s":{"0":1},"f":{"0":1},"b":{},"_coverageSchema":"43e27e138ebf9cfc5966b082cf9a028302ed4184","hash":"42d086c648435083de5c01282fbfd06e96460abc"}
}
